<?xml version="1.0" encoding="UTF-8"?>
<testsuite xmlns:xsi="http://www.w3.org/2001/XMLSchema-instance" xsi:noNamespaceSchemaLocation="https://maven.apache.org/surefire/maven-surefire-plugin/xsd/surefire-test-report.xsd" version="3.0.2" name="de.skillspot.SecuritySmokeTest" time="6.479" tests="2" errors="0" skipped="0" failures="0">
  <properties>
[...]
</properties>
  <testcase name="testPrivateEndpointChatThreadsRequiresAuth" classname="de.skillspot.SecuritySmokeTest" time="0.299">
    <system-out><![CDATA[18:02:29.956 [main] INFO org.springframework.test.context.support.AnnotationConfigContextLoaderUtils -- Could not detect default configuration classes for test class [de.skillspot.SecuritySmokeTest]: SecuritySmokeTest does not declare any static, non-private, non-final, nested classes annotated with @Configuration.
18:02:30.015 [main] INFO org.springframework.boot.test.context.SpringBootTestContextBootstrapper -- Found @SpringBootConfiguration de.skillspot.SkillspotApplication for test class de.skillspot.SecuritySmokeTest
18:02:30.079 [main] INFO org.testcontainers.images.PullPolicy -- Image pull policy will be performed by: DefaultPullPolicy()
18:02:30.080 [main] INFO org.testcontainers.utility.ImageNameSubstitutor -- Image name substitution will be performed by: DefaultImageNameSubstitutor (composite of 'ConfigurationFileImageNameSubstitutor' and 'PrefixingImageNameSubstitutor')
18:02:30.089 [main] INFO org.testcontainers.DockerClientFactory -- Testcontainers version: 2.0.2
18:02:30.214 [main] INFO org.testcontainers.dockerclient.DockerClientProviderStrategy -- Loaded org.testcontainers.dockerclient.UnixSocketClientProviderStrategy from ~/.testcontainers.properties, will try it first
18:02:30.495 [main] INFO org.testcontainers.dockerclient.DockerClientProviderStrategy -- Found Docker environment with local Unix socket (unix:///var/run/docker.sock)
18:02:30.495 [main] INFO org.testcontainers.DockerClientFactory -- Docker host IP address is localhost
18:02:30.511 [main] INFO org.testcontainers.DockerClientFactory -- Connected to docker: 
  Server Version: 29.1.3
  API Version: 1.52
  Operating System: Docker Desktop
  Total Memory: 3918 MB
  Labels: 
    com.docker.desktop.address=unix:///Users/bennet/Library/Containers/com.docker.docker/Data/docker-cli.sock
18:02:30.575 [main] INFO tc.testcontainers/ryuk:0.13.0 -- Creating container for image: testcontainers/ryuk:0.13.0
18:02:30.926 [main] INFO tc.testcontainers/ryuk:0.13.0 -- Container testcontainers/ryuk:0.13.0 is starting: 71d939365f8ad5deee2ea10a702bb8fd7d04d89e7cef6b875cb45388a2eba123
18:02:31.186 [main] INFO tc.testcontainers/ryuk:0.13.0 -- Container testcontainers/ryuk:0.13.0 started in PT0.610208S
18:02:31.189 [main] INFO org.testcontainers.utility.RyukResourceReaper -- Ryuk started - will monitor and terminate Testcontainers containers on JVM exit
18:02:31.190 [main] INFO org.testcontainers.DockerClientFactory -- Checking the system...
18:02:31.190 [main] INFO org.testcontainers.DockerClientFactory -- ✔︎ Docker server version should be at least 1.6.0
18:02:31.190 [main] INFO tc.postgres:16-alpine -- Creating container for image: postgres:16-alpine
18:02:31.234 [main] INFO tc.postgres:16-alpine -- Container postgres:16-alpine is starting: a4f3d990770783c8574bcb148dbd8630858451ec0e6765e75a19b56e80cd44fb
18:02:32.283 [main] INFO tc.postgres:16-alpine -- Container postgres:16-alpine started in PT1.092763S
18:02:32.285 [main] INFO tc.postgres:16-alpine -- Container is started (JDBC URL: jdbc:postgresql://localhost:53111/postgres?loggerLevel=OFF)
18:02:32.587 [main] INFO org.flywaydb.core.FlywayExecutor -- Database: jdbc:postgresql://localhost:53111/postgres?loggerLevel=OFF (PostgreSQL 16.11)
18:02:32.615 [main] INFO org.flywaydb.core.internal.schemahistory.JdbcTableSchemaHistory -- Schema history table "skillspot"."flyway_schema_history" does not exist yet
18:02:32.617 [main] INFO org.flywaydb.core.internal.command.DbValidate -- Successfully validated 4 migrations (execution time 00:00.012s)
18:02:32.629 [main] INFO org.flywaydb.core.internal.schemahistory.JdbcTableSchemaHistory -- Creating Schema History table "skillspot"."flyway_schema_history" with baseline ...
18:02:32.643 [main] INFO org.flywaydb.core.internal.command.DbBaseline -- Successfully baselined schema with version: 0
18:02:32.661 [main] INFO org.flywaydb.core.internal.command.DbMigrate -- Current version of schema "skillspot": 0
18:02:32.667 [main] INFO org.flywaydb.core.internal.command.DbMigrate -- Migrating schema "skillspot" to version "1 - init schema"
18:02:32.669 [main] WARN org.flywaydb.core.internal.sqlscript.DefaultSqlScriptExecutor -- DB: schema "skillspot" already exists, skipping (SQL State: 42P06 - Error Code: 0)
18:02:32.670 [main] WARN org.flywaydb.core.internal.sqlscript.DefaultSqlScriptExecutor -- DB: column "auth0_sub" of relation "benutzer" already exists, skipping (SQL State: 42701 - Error Code: 0)
18:02:32.670 [main] WARN org.flywaydb.core.internal.sqlscript.DefaultSqlScriptExecutor -- DB: column "rolle" of relation "benutzer" already exists, skipping (SQL State: 42701 - Error Code: 0)
18:02:32.670 [main] WARN org.flywaydb.core.internal.sqlscript.DefaultSqlScriptExecutor -- DB: column "display_name" of relation "benutzer" already exists, skipping (SQL State: 42701 - Error Code: 0)
18:02:32.671 [main] WARN org.flywaydb.core.internal.sqlscript.DefaultSqlScriptExecutor -- DB: column "address" of relation "benutzer" already exists, skipping (SQL State: 42701 - Error Code: 0)
18:02:32.671 [main] WARN org.flywaydb.core.internal.sqlscript.DefaultSqlScriptExecutor -- DB: column "location_lat" of relation "benutzer" already exists, skipping (SQL State: 42701 - Error Code: 0)
18:02:32.672 [main] WARN org.flywaydb.core.internal.sqlscript.DefaultSqlScriptExecutor -- DB: column "location_lon" of relation "benutzer" already exists, skipping (SQL State: 42701 - Error Code: 0)
18:02:32.672 [main] WARN org.flywaydb.core.internal.sqlscript.DefaultSqlScriptExecutor -- DB: column "created_at" of relation "benutzer" already exists, skipping (SQL State: 42701 - Error Code: 0)
18:02:32.672 [main] WARN org.flywaydb.core.internal.sqlscript.DefaultSqlScriptExecutor -- DB: column "updated_at" of relation "benutzer" already exists, skipping (SQL State: 42701 - Error Code: 0)
18:02:32.677 [main] WARN org.flywaydb.core.internal.sqlscript.DefaultSqlScriptExecutor -- DB: relation "chat_thread" already exists, skipping (SQL State: 42P07 - Error Code: 0)
18:02:32.677 [main] WARN org.flywaydb.core.internal.sqlscript.DefaultSqlScriptExecutor -- DB: relation "chat_message" already exists, skipping (SQL State: 42P07 - Error Code: 0)
18:02:32.685 [main] INFO org.flywaydb.core.internal.command.DbMigrate -- Migrating schema "skillspot" to version "2 - create kategorie i18n"
18:02:32.694 [main] INFO org.flywaydb.core.internal.command.DbMigrate -- Migrating schema "skillspot" to version "3 - seed kategorie i18n en"
18:02:32.704 [main] ERROR org.flywaydb.core.internal.command.DbMigrate -- Migration of schema "skillspot" to version "3 - seed kategorie i18n en" failed! Changes successfully rolled back.

  .   ____          _            __ _ _
 /\\ / ___'_ __ _ _(_)_ __  __ _ \ \ \ \
( ( )\___ | '_ | '_| | '_ \/ _` | \ \ \ \
 \\/  ___)| |_)| | | | | || (_| |  ) ) ) )
  '  |____| .__|_| |_|_| |_\__, | / / / /
 =========|_|==============|___/=/_/_/_/

 :: Spring Boot ::                (v4.0.0)

2026-01-25T18:02:32.856+01:00  INFO 54047 --- [skillspot] [           main] de.skillspot.SecuritySmokeTest           : Starting SecuritySmokeTest using Java 25.0.2 with PID 54047 (started by bennet in /Users/bennet/Downloads/Skillspot-Backend)
2026-01-25T18:02:32.857+01:00  INFO 54047 --- [skillspot] [           main] de.skillspot.SecuritySmokeTest           : The following 1 profile is active: "test"
2026-01-25T18:02:33.257+01:00  INFO 54047 --- [skillspot] [           main] .s.d.r.c.RepositoryConfigurationDelegate : Bootstrapping Spring Data JPA repositories in DEFAULT mode.
2026-01-25T18:02:33.288+01:00  INFO 54047 --- [skillspot] [           main] .s.d.r.c.RepositoryConfigurationDelegate : Finished Spring Data repository scanning in 22 ms. Found 2 JPA repository interfaces.
2026-01-25T18:02:33.531+01:00  INFO 54047 --- [skillspot] [           main] o.s.boot.tomcat.TomcatWebServer          : Tomcat initialized with port 0 (http)
2026-01-25T18:02:33.537+01:00  INFO 54047 --- [skillspot] [           main] o.apache.catalina.core.StandardService   : Starting service [Tomcat]
2026-01-25T18:02:33.537+01:00  INFO 54047 --- [skillspot] [           main] o.apache.catalina.core.StandardEngine    : Starting Servlet engine: [Apache Tomcat/11.0.14]
2026-01-25T18:02:33.559+01:00  INFO 54047 --- [skillspot] [           main] b.w.c.s.WebApplicationContextInitializer : Root WebApplicationContext: initialization completed in 691 ms
2026-01-25T18:02:33.627+01:00  INFO 54047 --- [skillspot] [           main] com.zaxxer.hikari.HikariDataSource       : HikariPool-1 - Starting...
2026-01-25T18:02:33.645+01:00  INFO 54047 --- [skillspot] [           main] com.zaxxer.hikari.pool.HikariPool        : HikariPool-1 - Added connection org.postgresql.jdbc.PgConnection@5da41d02
2026-01-25T18:02:33.645+01:00  INFO 54047 --- [skillspot] [           main] com.zaxxer.hikari.HikariDataSource       : HikariPool-1 - Start completed.
2026-01-25T18:02:33.664+01:00  INFO 54047 --- [skillspot] [           main] o.hibernate.jpa.internal.util.LogHelper  : HHH000204: Processing PersistenceUnitInfo [name: default]
2026-01-25T18:02:33.701+01:00  INFO 54047 --- [skillspot] [           main] org.hibernate.Version                    : HHH000412: Hibernate ORM core version 7.1.8.Final
2026-01-25T18:02:33.910+01:00  INFO 54047 --- [skillspot] [           main] o.s.o.j.p.SpringPersistenceUnitInfo      : No LoadTimeWeaver setup: ignoring JPA class transformer
2026-01-25T18:02:33.942+01:00  WARN 54047 --- [skillspot] [           main] org.hibernate.orm.deprecation            : HHH90000025: PostgreSQLDialect does not need to be specified explicitly using 'hibernate.dialect' (remove the property setting and it will be selected by default)
2026-01-25T18:02:33.952+01:00  INFO 54047 --- [skillspot] [           main] org.hibernate.orm.connections.pooling    : HHH10001005: Database info:
	Database JDBC URL [jdbc:postgresql://localhost:53111/postgres?loggerLevel=OFF]
	Database driver: PostgreSQL JDBC Driver
	Database dialect: PostgreSQLDialect
	Database version: 16.11
	Default catalog/schema: postgres/public
	Autocommit mode: undefined/unknown
	Isolation level: READ_COMMITTED [default READ_COMMITTED]
	JDBC fetch size: none
	Pool: DatasourceConnectionProviderImpl
	Minimum pool size: undefined/unknown
	Maximum pool size: undefined/unknown
2026-01-25T18:02:34.390+01:00  INFO 54047 --- [skillspot] [           main] o.h.e.t.j.p.i.JtaPlatformInitiator       : HHH000489: No JTA platform available (set 'hibernate.transaction.jta.platform' to enable JTA platform integration)
2026-01-25T18:02:34.393+01:00  INFO 54047 --- [skillspot] [           main] j.LocalContainerEntityManagerFactoryBean : Initialized JPA EntityManagerFactory for persistence unit 'default'
2026-01-25T18:02:34.449+01:00  INFO 54047 --- [skillspot] [           main] o.s.d.j.r.query.QueryEnhancerFactories   : Hibernate is in classpath; If applicable, HQL parser will be used.
2026-01-25T18:02:34.942+01:00  WARN 54047 --- [skillspot] [           main] JpaBaseConfiguration$JpaWebConfiguration : spring.jpa.open-in-view is enabled by default. Therefore, database queries may be performed during view rendering. Explicitly configure spring.jpa.open-in-view to disable this warning
2026-01-25T18:02:35.992+01:00  INFO 54047 --- [skillspot] [           main] o.s.boot.tomcat.TomcatWebServer          : Tomcat started on port 53127 (http) with context path '/'
2026-01-25T18:02:35.996+01:00  INFO 54047 --- [skillspot] [           main] de.skillspot.SecuritySmokeTest           : Started SecuritySmokeTest in 3.273 seconds (process running for 6.49)
2026-01-25T18:02:36.279+01:00  INFO 54047 --- [skillspot] [           main] o.a.c.c.C.[Tomcat].[localhost].[/]       : Initializing Spring TestDispatcherServlet ''
2026-01-25T18:02:36.279+01:00  INFO 54047 --- [skillspot] [           main] o.s.t.web.servlet.TestDispatcherServlet  : Initializing Servlet ''
2026-01-25T18:02:36.280+01:00  INFO 54047 --- [skillspot] [           main] o.s.t.web.servlet.TestDispatcherServlet  : Completed initialization in 1 ms
]]></system-out>
    <system-err><![CDATA[Mockito is currently self-attaching to enable the inline-mock-maker. This will no longer work in future releases of the JDK. Please add Mockito as an agent to your build as described in Mockito's documentation: https://javadoc.io/doc/org.mockito/mockito-core/latest/org.mockito/org/mockito/Mockito.html#0.3
WARNING: A Java agent has been loaded dynamically (/Users/bennet/.m2/repository/net/bytebuddy/byte-buddy-agent/1.17.8/byte-buddy-agent-1.17.8.jar)
WARNING: If a serviceability tool is in use, please run with -XX:+EnableDynamicAgentLoading to hide this warning
WARNING: If a serviceability tool is not in use, please run with -Djdk.instrument.traceUsage for more information
WARNING: Dynamic loading of agents will be disallowed by default in a future release
Auth failure: Full authentication is required to access this resource
]]></system-err>
  </testcase>
  <testcase name="testPublicEndpointKategorien" classname="de.skillspot.SecuritySmokeTest" time="0.052">
    <system-out><![CDATA[2026-01-25T18:02:36.302+01:00  INFO 54047 --- [skillspot] [           main] o.a.c.c.C.[Tomcat].[localhost].[/]       : Initializing Spring TestDispatcherServlet ''
2026-01-25T18:02:36.302+01:00  INFO 54047 --- [skillspot] [           main] o.s.t.web.servlet.TestDispatcherServlet  : Initializing Servlet ''
2026-01-25T18:02:36.303+01:00  INFO 54047 --- [skillspot] [           main] o.s.t.web.servlet.TestDispatcherServlet  : Completed initialization in 1 ms
2026-01-25T18:02:36.318+01:00  INFO 54047 --- [skillspot] [           main] d.s.controller.KategorieController       : Loading categories for language: de (input: lang=null, acceptLang=null)
2026-01-25T18:02:36.336+01:00  INFO 54047 --- [skillspot] [           main] de.skillspot.store.KategorieStore        : Found 0 translation entries in skillspot.kategorie_i18n for language 'de'
]]></system-out>
  </testcase>
</testsuite>