<?xml version="1.0" encoding="UTF-8"?>
<testsuite xmlns:xsi="http://www.w3.org/2001/XMLSchema-instance" xsi:noNamespaceSchemaLocation="https://maven.apache.org/surefire/maven-surefire-plugin/xsd/surefire-test-report.xsd" version="3.0.2" name="de.skillspot.app.SkillspotApplicationTests" time="6.486" tests="1" errors="0" skipped="0" failures="0">
  <properties>
[...]
</properties>
  <testcase name="contextLoads" classname="de.skillspot.app.SkillspotApplicationTests" time="1.624">
    <system-out><![CDATA[13:05:20.162 [main] INFO org.springframework.test.context.support.AnnotationConfigContextLoaderUtils -- Could not detect default configuration classes for test class [de.skillspot.app.SkillspotApplicationTests]: SkillspotApplicationTests does not declare any static, non-private, non-final, nested classes annotated with @Configuration.
13:05:20.443 [main] INFO org.springframework.boot.test.context.SpringBootTestContextBootstrapper -- Found @SpringBootConfiguration de.skillspot.app.SkillspotApplication for test class de.skillspot.app.SkillspotApplicationTests

  .   ____          _            __ _ _
 /\\ / ___'_ __ _ _(_)_ __  __ _ \ \ \ \
( ( )\___ | '_ | '_| | '_ \/ _` | \ \ \ \
 \\/  ___)| |_)| | | | | || (_| |  ) ) ) )
  '  |____| .__|_| |_|_| |_\__, | / / / /
 =========|_|==============|___/=/_/_/_/

 :: Spring Boot ::                (v4.0.0)

2025-11-23T13:05:21.325+01:00  INFO 4636 --- [skillspot] [           main] d.s.app.SkillspotApplicationTests        : Starting SkillspotApplicationTests using Java 17.0.8.1 with PID 4636 (started by ben in /Users/ben/Documents/5. Semester/Frameworks für Webbasierte Anwendungen /skilllspot)
2025-11-23T13:05:21.329+01:00  INFO 4636 --- [skillspot] [           main] d.s.app.SkillspotApplicationTests        : No active profile set, falling back to 1 default profile: "default"
2025-11-23T13:05:24.178+01:00  WARN 4636 --- [skillspot] [           main] .s.a.UserDetailsServiceAutoConfiguration : 

Using generated security password: d574ea50-a807-4341-a3aa-35a2a52bdc49

This generated password is for development use only. Your security configuration must be updated before running your application in production.

2025-11-23T13:05:24.251+01:00  INFO 4636 --- [skillspot] [           main] r$InitializeUserDetailsManagerConfigurer : Global AuthenticationManager configured with UserDetailsService bean with name inMemoryUserDetailsManager
2025-11-23T13:05:24.631+01:00  INFO 4636 --- [skillspot] [           main] d.s.app.SkillspotApplicationTests        : Started SkillspotApplicationTests in 3.893 seconds (process running for 6.348)
]]></system-out>
  </testcase>
</testsuite>